# JRE version: OpenJDK Runtime Environment (8.0_181-b13) (build 1.8.0_181-8u181-b13-0ubuntu0.16.04.1-b13)
# Java VM: OpenJDK 64-Bit Server VM (25.181-b13 mixed mode linux-amd64 compressed oops)
Heap:
 PSYoungGen      total 37888K, used 34649K [0x00000000eab00000, 0x00000000eda00000, 0x0000000100000000)
  eden space 29696K, 100% used [0x00000000eab00000,0x00000000ec800000,0x00000000ec800000)
  from space 8192K, 60% used [0x00000000ed200000,0x00000000ed6d66c0,0x00000000eda00000)
  to   space 9216K, 32% used [0x00000000ec800000,0x00000000ecaf8000,0x00000000ed100000)
 ParOldGen       total 52736K, used 7600K [0x00000000c0000000, 0x00000000c3380000, 0x00000000eab00000)
  object space 52736K, 14% used [0x00000000c0000000,0x00000000c076c320,0x00000000c3380000)
 Metaspace       used 29765K, capacity 30358K, committed 30720K, reserved 1075200K
  class space    used 4077K, capacity 4233K, committed 4352K, reserved 1048576K
GC Heap History (10 events):
Event: 20.349 GC heap after
Heap after GC invocations=5 (full 0):
 PSYoungGen      total 36352K, used 5088K [0x00000000eab00000, 0x00000000edb80000, 0x0000000100000000)
  eden space 31232K, 0% used [0x00000000eab00000,0x00000000eab00000,0x00000000ec980000)
  from space 5120K, 99% used [0x00000000eca00000,0x00000000ecef8050,0x00000000ecf00000)
  to   space 9216K, 0% used [0x00000000ed280000,0x00000000ed280000,0x00000000edb80000)
 ParOldGen       total 84992K, used 6808K [0x00000000c0000000, 0x00000000c5300000, 0x00000000eab00000)
  object space 84992K, 8% used [0x00000000c0000000,0x00000000c06a60c0,0x00000000c5300000)
 Metaspace       used 20845K, capacity 21144K, committed 21296K, reserved 1067008K
  class space    used 2748K, capacity 2889K, committed 2944K, reserved 1048576K
}
Event: 20.349 GC heap before
{Heap before GC invocations=6 (full 1):
 PSYoungGen      total 36352K, used 5088K [0x00000000eab00000, 0x00000000edb80000, 0x0000000100000000)
  eden space 31232K, 0% used [0x00000000eab00000,0x00000000eab00000,0x00000000ec980000)
  from space 5120K, 99% used [0x00000000eca00000,0x00000000ecef8050,0x00000000ecf00000)
  to   space 9216K, 0% used [0x00000000ed280000,0x00000000ed280000,0x00000000edb80000)
 ParOldGen       total 84992K, used 6808K [0x00000000c0000000, 0x00000000c5300000, 0x00000000eab00000)
  object space 84992K, 8% used [0x00000000c0000000,0x00000000c06a60c0,0x00000000c5300000)
 Metaspace       used 20845K, capacity 21144K, committed 21296K, reserved 1067008K
  class space    used 2748K, capacity 2889K, committed 2944K, reserved 1048576K
Event: 20.427 GC heap after
Heap after GC invocations=6 (full 1):
 PSYoungGen      total 36352K, used 0K [0x00000000eab00000, 0x00000000edb80000, 0x0000000100000000)
  eden space 31232K, 0% used [0x00000000eab00000,0x00000000eab00000,0x00000000ec980000)
  from space 5120K, 0% used [0x00000000eca00000,0x00000000eca00000,0x00000000ecf00000)
  to   space 9216K, 0% used [0x00000000ed280000,0x00000000ed280000,0x00000000edb80000)
 ParOldGen       total 52736K, used 7044K [0x00000000c0000000, 0x00000000c3380000, 0x00000000eab00000)
  object space 52736K, 13% used [0x00000000c0000000,0x00000000c06e1310,0x00000000c3380000)
 Metaspace       used 20845K, capacity 21144K, committed 21296K, reserved 1067008K
  class space    used 2748K, capacity 2889K, committed 2944K, reserved 1048576K
}
Event: 23.179 GC heap before
{Heap before GC invocations=7 (full 1):
 PSYoungGen      total 36352K, used 31232K [0x00000000eab00000, 0x00000000edb80000, 0x0000000100000000)
  eden space 31232K, 100% used [0x00000000eab00000,0x00000000ec980000,0x00000000ec980000)
  from space 5120K, 0% used [0x00000000eca00000,0x00000000eca00000,0x00000000ecf00000)
  to   space 9216K, 0% used [0x00000000ed280000,0x00000000ed280000,0x00000000edb80000)
 ParOldGen       total 52736K, used 7044K [0x00000000c0000000, 0x00000000c3380000, 0x00000000eab00000)
  object space 52736K, 13% used [0x00000000c0000000,0x00000000c06e1310,0x00000000c3380000)
 Metaspace       used 23420K, capacity 23748K, committed 24064K, reserved 1071104K
  class space    used 3171K, capacity 3307K, committed 3328K, reserved 1048576K
Event: 23.190 GC heap after
Heap after GC invocations=7 (full 1):
 PSYoungGen      total 39936K, used 3579K [0x00000000eab00000, 0x00000000ef080000, 0x0000000100000000)
  eden space 30720K, 0% used [0x00000000eab00000,0x00000000eab00000,0x00000000ec900000)
  from space 9216K, 38% used [0x00000000ed280000,0x00000000ed5fecb0,0x00000000edb80000)
  to   space 9728K, 0% used [0x00000000ec900000,0x00000000ec900000,0x00000000ed280000)
 ParOldGen       total 52736K, used 7052K [0x00000000c0000000, 0x00000000c3380000, 0x00000000eab00000)
  object space 52736K, 13% used [0x00000000c0000000,0x00000000c06e3310,0x00000000c3380000)
 Metaspace       used 23420K, capacity 23748K, committed 24064K, reserved 1071104K
  class space    used 3171K, capacity 3307K, committed 3328K, reserved 1048576K
}
Event: 26.099 GC heap before
{Heap before GC invocations=8 (full 1):
 PSYoungGen      total 39936K, used 34299K [0x00000000eab00000, 0x00000000ef080000, 0x0000000100000000)
  eden space 30720K, 100% used [0x00000000eab00000,0x00000000ec900000,0x00000000ec900000)
  from space 9216K, 38% used [0x00000000ed280000,0x00000000ed5fecb0,0x00000000edb80000)
  to   space 9728K, 0% used [0x00000000ec900000,0x00000000ec900000,0x00000000ed280000)
 ParOldGen       total 52736K, used 7052K [0x00000000c0000000, 0x00000000c3380000, 0x00000000eab00000)
  object space 52736K, 13% used [0x00000000c0000000,0x00000000c06e3310,0x00000000c3380000)
 Metaspace       used 24997K, capacity 25324K, committed 25600K, reserved 1071104K
  class space    used 3459K, capacity 3574K, committed 3584K, reserved 1048576K
Event: 26.107 GC heap after
Heap after GC invocations=8 (full 1):
 PSYoungGen      total 34304K, used 3635K [0x00000000eab00000, 0x00000000edb80000, 0x0000000100000000)
  eden space 30208K, 0% used [0x00000000eab00000,0x00000000eab00000,0x00000000ec880000)
  from space 4096K, 88% used [0x00000000ec900000,0x00000000ecc8cec8,0x00000000ecd00000)
  to   space 9728K, 0% used [0x00000000ed200000,0x00000000ed200000,0x00000000edb80000)
 ParOldGen       total 52736K, used 7060K [0x00000000c0000000, 0x00000000c3380000, 0x00000000eab00000)
  object space 52736K, 13% used [0x00000000c0000000,0x00000000c06e5310,0x00000000c3380000)
 Metaspace       used 24997K, capacity 25324K, committed 25600K, reserved 1071104K
  class space    used 3459K, capacity 3574K, committed 3584K, reserved 1048576K
}
Event: 31.594 GC heap before
{Heap before GC invocations=9 (full 1):
 PSYoungGen      total 34304K, used 33843K [0x00000000eab00000, 0x00000000edb80000, 0x0000000100000000)
  eden space 30208K, 100% used [0x00000000eab00000,0x00000000ec880000,0x00000000ec880000)
  from space 4096K, 88% used [0x00000000ec900000,0x00000000ecc8cec8,0x00000000ecd00000)
  to   space 9728K, 0% used [0x00000000ed200000,0x00000000ed200000,0x00000000edb80000)
 ParOldGen       total 52736K, used 7060K [0x00000000c0000000, 0x00000000c3380000, 0x00000000eab00000)
  object space 52736K, 13% used [0x00000000c0000000,0x00000000c06e5310,0x00000000c3380000)
 Metaspace       used 26573K, capacity 27064K, committed 27136K, reserved 1073152K
  class space    used 3704K, capacity 3838K, committed 3840K, reserved 1048576K
Event: 31.603 GC heap after
Heap after GC invocations=9 (full 1):
 PSYoungGen      total 37888K, used 4953K [0x00000000eab00000, 0x00000000eda00000, 0x0000000100000000)
  eden space 29696K, 0% used [0x00000000eab00000,0x00000000eab00000,0x00000000ec800000)
  from space 8192K, 60% used [0x00000000ed200000,0x00000000ed6d66c0,0x00000000eda00000)
  to   space 9216K, 0% used [0x00000000ec800000,0x00000000ec800000,0x00000000ed100000)
 ParOldGen       total 52736K, used 7068K [0x00000000c0000000, 0x00000000c3380000, 0x00000000eab00000)
  object space 52736K, 13% used [0x00000000c0000000,0x00000000c06e7310,0x00000000c3380000)
 Metaspace       used 26573K, capacity 27064K, committed 27136K, reserved 1073152K
  class space    used 3704K, capacity 3838K, committed 3840K, reserved 1048576K
}
Event: 49.308 GC heap before
{Heap before GC invocations=10 (full 1):
 PSYoungGen      total 37888K, used 34649K [0x00000000eab00000, 0x00000000eda00000, 0x0000000100000000)
  eden space 29696K, 100% used [0x00000000eab00000,0x00000000ec800000,0x00000000ec800000)
  from space 8192K, 60% used [0x00000000ed200000,0x00000000ed6d66c0,0x00000000eda00000)
  to   space 9216K, 0% used [0x00000000ec800000,0x00000000ec800000,0x00000000ed100000)
 ParOldGen       total 52736K, used 7068K [0x00000000c0000000, 0x00000000c3380000, 0x00000000eab00000)
  object space 52736K, 13% used [0x00000000c0000000,0x00000000c06e7310,0x00000000c3380000)
 Metaspace       used 29765K, capacity 30358K, committed 30720K, reserved 1075200K
  class space    used 4077K, capacity 4233K, committed 4352K, reserved 1048576K

